<?xml version="1.0" encoding="UTF-8"?>
<robot generator="Robot 7.3.2 (Python 3.9.13 on win32)" generated="2025-11-26T12:12:47.680799" rpa="false" schemaversion="5">
<suite id="s1" name="Test-Assignment2-Main" source="C:\Users\Yas\Desktop\test-assignment2-main">
<suite id="s1-s1" name="Tests" source="C:\Users\Yas\Desktop\test-assignment2-main\tests">
<suite id="s1-s1-s1" name="01Signup Test" source="C:\Users\Yas\Desktop\test-assignment2-main\tests\01signup_test.robot">
<test id="s1-s1-s1-t1" name="Sign Up New User" line="6">
<kw name="Open Browser" owner="SeleniumLibrary">
<msg time="2025-11-26T12:12:47.791249" level="WARN">desired_capabilities has been deprecated and removed. Please use options to configure browsers as per documentation.</msg>
<msg time="2025-11-26T12:12:47.792249" level="INFO">Opening browser 'safari' to base url 'https://www.demoblaze.com/' through remote server at 'https://binarbi_bBHfed:4xfuGGGLvyQtRuV5EKtv@hub.browserstack.com/wd/hub'.</msg>
<msg time="2025-11-26T12:12:59.538574" level="INFO">Cannot capture screenshot because no browser is open.</msg>
<msg time="2025-11-26T12:12:59.538574" level="FAIL">WebDriverException: Message: unhandled error
</msg>
<arg>${URL}</arg>
<arg>remote_url=${REMOTE_URL}</arg>
<arg>browser=${BROWSER}</arg>
<arg>desired_capabilities=${BS_CAPS}</arg>
<doc>Opens a new browser instance to the optional ``url``.</doc>
<status status="FAIL" start="2025-11-26T12:12:47.791249" elapsed="11.748342">WebDriverException: Message: unhandled error
</status>
</kw>
<kw name="Execute Javascript" owner="SeleniumLibrary">
<arg>window.scrollTo(0, 0)</arg>
<doc>Executes the given JavaScript code with possible arguments.</doc>
<status status="NOT RUN" start="2025-11-26T12:12:59.539591" elapsed="0.000000"/>
</kw>
<kw name="Sleep" owner="BuiltIn">
<arg>1s</arg>
<doc>Pauses the test executed for the given time.</doc>
<status status="NOT RUN" start="2025-11-26T12:12:59.540574" elapsed="0.000000"/>
</kw>
<kw name="Execute Javascript" owner="SeleniumLibrary">
<arg>document.getElementById("signin2").click()</arg>
<doc>Executes the given JavaScript code with possible arguments.</doc>
<status status="NOT RUN" start="2025-11-26T12:12:59.540574" elapsed="0.000000"/>
</kw>
<kw name="Wait Until Element Is Visible" owner="SeleniumLibrary">
<arg>//*[@id="sign-username"]</arg>
<doc>Waits until the element ``locator`` is visible.</doc>
<status status="NOT RUN" start="2025-11-26T12:12:59.540574" elapsed="0.000000"/>
</kw>
<kw name="Input Text" owner="SeleniumLibrary">
<arg>//*[@id="sign-username"]</arg>
<arg>${USERNAME}</arg>
<doc>Types the given ``text`` into the text field identified by ``locator``.</doc>
<status status="NOT RUN" start="2025-11-26T12:12:59.540574" elapsed="0.000000"/>
</kw>
<kw name="Input Text" owner="SeleniumLibrary">
<arg>//*[@id="sign-password"]</arg>
<arg>${PASSWORD}</arg>
<doc>Types the given ``text`` into the text field identified by ``locator``.</doc>
<status status="NOT RUN" start="2025-11-26T12:12:59.540574" elapsed="0.000000"/>
</kw>
<kw name="Click Button" owner="SeleniumLibrary">
<arg>//*[@onclick="register()"]</arg>
<doc>Clicks the button identified by ``locator``.</doc>
<status status="NOT RUN" start="2025-11-26T12:12:59.540574" elapsed="0.000000"/>
</kw>
<kw name="Sleep" owner="BuiltIn">
<arg>2s</arg>
<doc>Pauses the test executed for the given time.</doc>
<status status="NOT RUN" start="2025-11-26T12:12:59.540574" elapsed="0.000000"/>
</kw>
<kw name="Handle Alert" owner="SeleniumLibrary">
<arg>accept</arg>
<doc>Handles the current alert and returns its message.</doc>
<status status="NOT RUN" start="2025-11-26T12:12:59.540574" elapsed="0.000000"/>
</kw>
<kw name="Close Browser" owner="SeleniumLibrary">
<doc>Closes the current browser.</doc>
<status status="NOT RUN" start="2025-11-26T12:12:59.541574" elapsed="0.000000"/>
</kw>
<status status="FAIL" start="2025-11-26T12:12:47.790250" elapsed="11.751324">WebDriverException: Message: unhandled error
</status>
</test>
<status status="FAIL" start="2025-11-26T12:12:47.696246" elapsed="11.846329"/>
</suite>
<suite id="s1-s1-s2" name="02Login Test" source="C:\Users\Yas\Desktop\test-assignment2-main\tests\02login_test.robot">
<test id="s1-s1-s2-t1" name="Login Existing User" line="6">
<kw name="Open Browser" owner="SeleniumLibrary">
<msg time="2025-11-26T12:12:59.546073" level="WARN">desired_capabilities has been deprecated and removed. Please use options to configure browsers as per documentation.</msg>
<msg time="2025-11-26T12:12:59.547079" level="INFO">Opening browser 'safari' to base url 'https://www.demoblaze.com/' through remote server at 'https://binarbi_bBHfed:4xfuGGGLvyQtRuV5EKtv@hub.browserstack.com/wd/hub'.</msg>
<msg time="2025-11-26T12:13:13.894223" level="INFO">Cannot capture screenshot because no browser is open.</msg>
<msg time="2025-11-26T12:13:13.894223" level="FAIL">WebDriverException: Message: unhandled error
</msg>
<arg>${URL}</arg>
<arg>remote_url=${REMOTE_URL}</arg>
<arg>browser=${BROWSER}</arg>
<arg>desired_capabilities=${BS_CAPS}</arg>
<doc>Opens a new browser instance to the optional ``url``.</doc>
<status status="FAIL" start="2025-11-26T12:12:59.546073" elapsed="14.348150">WebDriverException: Message: unhandled error
</status>
</kw>
<kw name="Execute Javascript" owner="SeleniumLibrary">
<arg>window.scrollTo(0, 0)</arg>
<doc>Executes the given JavaScript code with possible arguments.</doc>
<status status="NOT RUN" start="2025-11-26T12:13:13.894223" elapsed="0.000000"/>
</kw>
<kw name="Sleep" owner="BuiltIn">
<arg>1s</arg>
<doc>Pauses the test executed for the given time.</doc>
<status status="NOT RUN" start="2025-11-26T12:13:13.895224" elapsed="0.000000"/>
</kw>
<kw name="Execute Javascript" owner="SeleniumLibrary">
<arg>document.getElementById("login2").click()</arg>
<doc>Executes the given JavaScript code with possible arguments.</doc>
<status status="NOT RUN" start="2025-11-26T12:13:13.895224" elapsed="0.000000"/>
</kw>
<kw name="Wait Until Element Is Visible" owner="SeleniumLibrary">
<arg>//*[@id="loginusername"]</arg>
<doc>Waits until the element ``locator`` is visible.</doc>
<status status="NOT RUN" start="2025-11-26T12:13:13.895224" elapsed="0.000000"/>
</kw>
<kw name="Input Text" owner="SeleniumLibrary">
<arg>//*[@id="loginusername"]</arg>
<arg>${USERNAME}</arg>
<doc>Types the given ``text`` into the text field identified by ``locator``.</doc>
<status status="NOT RUN" start="2025-11-26T12:13:13.895224" elapsed="0.000000"/>
</kw>
<kw name="Input Text" owner="SeleniumLibrary">
<arg>//*[@id="loginpassword"]</arg>
<arg>${PASSWORD}</arg>
<doc>Types the given ``text`` into the text field identified by ``locator``.</doc>
<status status="NOT RUN" start="2025-11-26T12:13:13.895224" elapsed="0.000000"/>
</kw>
<kw name="Click Button" owner="SeleniumLibrary">
<arg>//*[@onclick="logIn()"]</arg>
<doc>Clicks the button identified by ``locator``.</doc>
<status status="NOT RUN" start="2025-11-26T12:13:13.895224" elapsed="0.000000"/>
</kw>
<kw name="Wait Until Page Contains" owner="SeleniumLibrary">
<arg>Welcome ${USERNAME}</arg>
<doc>Waits until ``text`` appears on the current page.</doc>
<status status="NOT RUN" start="2025-11-26T12:13:13.896223" elapsed="0.000000"/>
</kw>
<kw name="Close Browser" owner="SeleniumLibrary">
<doc>Closes the current browser.</doc>
<status status="NOT RUN" start="2025-11-26T12:13:13.896223" elapsed="0.000000"/>
</kw>
<status status="FAIL" start="2025-11-26T12:12:59.546073" elapsed="14.350150">WebDriverException: Message: unhandled error
</status>
</test>
<status status="FAIL" start="2025-11-26T12:12:59.543575" elapsed="14.352648"/>
</suite>
<suite id="s1-s1-s3" name="03Buy Product Test" source="C:\Users\Yas\Desktop\test-assignment2-main\tests\03buy_product_test.robot">
<test id="s1-s1-s3-t1" name="Buy Product Successfully" line="6">
<kw name="Open Browser" owner="SeleniumLibrary">
<msg time="2025-11-26T12:13:13.900223" level="WARN">desired_capabilities has been deprecated and removed. Please use options to configure browsers as per documentation.</msg>
<msg time="2025-11-26T12:13:13.900223" level="INFO">Opening browser 'safari' to base url 'https://www.demoblaze.com/' through remote server at 'https://binarbi_bBHfed:4xfuGGGLvyQtRuV5EKtv@hub.browserstack.com/wd/hub'.</msg>
<msg time="2025-11-26T12:13:23.253352" level="INFO">Cannot capture screenshot because no browser is open.</msg>
<arg>${URL}</arg>
<arg>remote_url=${REMOTE_URL}</arg>
<arg>browser=${BROWSER}</arg>
<arg>desired_capabilities=${BS_CAPS}</arg>
<doc>Opens a new browser instance to the optional ``url``.</doc>
<status status="FAIL" start="2025-11-26T12:13:13.900223" elapsed="9.353129">Execution terminated by signal</status>
</kw>
<kw name="Execute Javascript" owner="SeleniumLibrary">
<arg>window.scrollTo(0, 0)</arg>
<doc>Executes the given JavaScript code with possible arguments.</doc>
<status status="NOT RUN" start="2025-11-26T12:13:23.253352" elapsed="0.000000"/>
</kw>
<kw name="Sleep" owner="BuiltIn">
<arg>1s</arg>
<doc>Pauses the test executed for the given time.</doc>
<status status="NOT RUN" start="2025-11-26T12:13:23.253352" elapsed="0.000000"/>
</kw>
<kw name="Execute Javascript" owner="SeleniumLibrary">
<arg>document.getElementById("login2").click()</arg>
<doc>Executes the given JavaScript code with possible arguments.</doc>
<status status="NOT RUN" start="2025-11-26T12:13:23.254352" elapsed="0.000000"/>
</kw>
<kw name="Wait Until Element Is Visible" owner="SeleniumLibrary">
<arg>//*[@id="loginusername"]</arg>
<doc>Waits until the element ``locator`` is visible.</doc>
<status status="NOT RUN" start="2025-11-26T12:13:23.254352" elapsed="0.000000"/>
</kw>
<kw name="Input Text" owner="SeleniumLibrary">
<arg>//*[@id="loginusername"]</arg>
<arg>${USERNAME}</arg>
<doc>Types the given ``text`` into the text field identified by ``locator``.</doc>
<status status="NOT RUN" start="2025-11-26T12:13:23.254352" elapsed="0.000000"/>
</kw>
<kw name="Input Text" owner="SeleniumLibrary">
<arg>//*[@id="loginpassword"]</arg>
<arg>${PASSWORD}</arg>
<doc>Types the given ``text`` into the text field identified by ``locator``.</doc>
<status status="NOT RUN" start="2025-11-26T12:13:23.254352" elapsed="0.000000"/>
</kw>
<kw name="Click Button" owner="SeleniumLibrary">
<arg>//*[@onclick="logIn()"]</arg>
<doc>Clicks the button identified by ``locator``.</doc>
<status status="NOT RUN" start="2025-11-26T12:13:23.255351" elapsed="0.000000"/>
</kw>
<kw name="Wait Until Page Contains" owner="SeleniumLibrary">
<arg>Welcome ${USERNAME}</arg>
<arg>10s</arg>
<doc>Waits until ``text`` appears on the current page.</doc>
<status status="NOT RUN" start="2025-11-26T12:13:23.255351" elapsed="0.000000"/>
</kw>
<kw name="Click Link" owner="SeleniumLibrary">
<arg>Nexus 6</arg>
<doc>Clicks a link identified by ``locator``.</doc>
<status status="NOT RUN" start="2025-11-26T12:13:23.255351" elapsed="0.000000"/>
</kw>
<kw name="Wait Until Page Contains Element" owner="SeleniumLibrary">
<arg>//*[@class="btn btn-success btn-lg"]</arg>
<arg>15s</arg>
<doc>Waits until the element ``locator`` appears on the current page.</doc>
<status status="NOT RUN" start="2025-11-26T12:13:23.255351" elapsed="0.000000"/>
</kw>
<kw name="Execute Javascript" owner="SeleniumLibrary">
<arg>document.querySelector(".btn.btn-success.btn-lg").click()</arg>
<doc>Executes the given JavaScript code with possible arguments.</doc>
<status status="NOT RUN" start="2025-11-26T12:13:23.255351" elapsed="0.000000"/>
</kw>
<kw name="Sleep" owner="BuiltIn">
<arg>2s</arg>
<doc>Pauses the test executed for the given time.</doc>
<status status="NOT RUN" start="2025-11-26T12:13:23.255351" elapsed="0.000000"/>
</kw>
<kw name="Handle Alert" owner="SeleniumLibrary">
<arg>accept</arg>
<doc>Handles the current alert and returns its message.</doc>
<status status="NOT RUN" start="2025-11-26T12:13:23.255351" elapsed="0.000000"/>
</kw>
<kw name="Click Link" owner="SeleniumLibrary">
<arg>Cart</arg>
<doc>Clicks a link identified by ``locator``.</doc>
<status status="NOT RUN" start="2025-11-26T12:13:23.256350" elapsed="0.000000"/>
</kw>
<kw name="Wait Until Page Contains" owner="SeleniumLibrary">
<arg>Nexus 6</arg>
<arg>10s</arg>
<doc>Waits until ``text`` appears on the current page.</doc>
<status status="NOT RUN" start="2025-11-26T12:13:23.256350" elapsed="0.000000"/>
</kw>
<kw name="Click Button" owner="SeleniumLibrary">
<arg>//*[@class="btn btn-success"]</arg>
<doc>Clicks the button identified by ``locator``.</doc>
<status status="NOT RUN" start="2025-11-26T12:13:23.256350" elapsed="0.000000"/>
</kw>
<kw name="Wait Until Element Is Visible" owner="SeleniumLibrary">
<arg>//*[@id="card"]</arg>
<arg>10s</arg>
<doc>Waits until the element ``locator`` is visible.</doc>
<status status="NOT RUN" start="2025-11-26T12:13:23.256350" elapsed="0.000000"/>
</kw>
<kw name="Input Text" owner="SeleniumLibrary">
<arg>//*[@id="name"]</arg>
<arg>${USERNAME}</arg>
<doc>Types the given ``text`` into the text field identified by ``locator``.</doc>
<status status="NOT RUN" start="2025-11-26T12:13:23.256350" elapsed="0.000000"/>
</kw>
<kw name="Input Text" owner="SeleniumLibrary">
<arg>//*[@id="card"]</arg>
<arg>1111222233334444</arg>
<doc>Types the given ``text`` into the text field identified by ``locator``.</doc>
<status status="NOT RUN" start="2025-11-26T12:13:23.256350" elapsed="0.001001"/>
</kw>
<kw name="Execute Javascript" owner="SeleniumLibrary">
<arg>document.querySelector('#month').value='12'</arg>
<doc>Executes the given JavaScript code with possible arguments.</doc>
<status status="NOT RUN" start="2025-11-26T12:13:23.257351" elapsed="0.000000"/>
</kw>
<kw name="Execute Javascript" owner="SeleniumLibrary">
<arg>document.querySelector('#year').value='2025'</arg>
<doc>Executes the given JavaScript code with possible arguments.</doc>
<status status="NOT RUN" start="2025-11-26T12:13:23.257351" elapsed="0.000000"/>
</kw>
<kw name="Click Button" owner="SeleniumLibrary">
<arg>//*[@onclick="purchaseOrder()"]</arg>
<doc>Clicks the button identified by ``locator``.</doc>
<status status="NOT RUN" start="2025-11-26T12:13:23.257351" elapsed="0.000000"/>
</kw>
<kw name="Wait Until Page Contains" owner="SeleniumLibrary">
<arg>Thank you for your purchase!</arg>
<doc>Waits until ``text`` appears on the current page.</doc>
<status status="NOT RUN" start="2025-11-26T12:13:23.257351" elapsed="0.000000"/>
</kw>
<kw name="Close Browser" owner="SeleniumLibrary">
<doc>Closes the current browser.</doc>
<status status="NOT RUN" start="2025-11-26T12:13:23.257351" elapsed="0.000000"/>
</kw>
<status status="FAIL" start="2025-11-26T12:13:13.899223" elapsed="9.358128">Execution terminated by signal</status>
</test>
<status status="FAIL" start="2025-11-26T12:13:13.897223" elapsed="9.361128"/>
</suite>
<suite id="s1-s1-s4" name="04Logout Test" source="C:\Users\Yas\Desktop\test-assignment2-main\tests\04logout_test.robot">
<test id="s1-s1-s4-t1" name="Logout User" line="6">
<tag>robot:exit</tag>
<status status="FAIL" start="2025-11-26T12:13:23.259352" elapsed="0.000000">Test execution stopped due to a fatal error.</status>
</test>
<status status="FAIL" start="2025-11-26T12:13:23.258351" elapsed="0.001001"/>
</suite>
<status status="FAIL" start="2025-11-26T12:12:47.694912" elapsed="35.565178"/>
</suite>
<status status="FAIL" start="2025-11-26T12:12:47.681786" elapsed="35.578304"/>
</suite>
<statistics>
<total>
<stat pass="0" fail="4" skip="0">All Tests</stat>
</total>
<tag>
<stat info="combined" combined="NOT robot:exit" pass="0" fail="3" skip="0">NOT robot:exit</stat>
</tag>
<suite>
<stat name="Test-Assignment2-Main" id="s1" pass="0" fail="4" skip="0">Test-Assignment2-Main</stat>
<stat name="Tests" id="s1-s1" pass="0" fail="4" skip="0">Test-Assignment2-Main.Tests</stat>
<stat name="01Signup Test" id="s1-s1-s1" pass="0" fail="1" skip="0">Test-Assignment2-Main.Tests.01Signup Test</stat>
<stat name="02Login Test" id="s1-s1-s2" pass="0" fail="1" skip="0">Test-Assignment2-Main.Tests.02Login Test</stat>
<stat name="03Buy Product Test" id="s1-s1-s3" pass="0" fail="1" skip="0">Test-Assignment2-Main.Tests.03Buy Product Test</stat>
<stat name="04Logout Test" id="s1-s1-s4" pass="0" fail="1" skip="0">Test-Assignment2-Main.Tests.04Logout Test</stat>
</suite>
</statistics>
<errors>
<msg time="2025-11-26T12:12:47.791249" level="WARN">desired_capabilities has been deprecated and removed. Please use options to configure browsers as per documentation.</msg>
<msg time="2025-11-26T12:12:59.546073" level="WARN">desired_capabilities has been deprecated and removed. Please use options to configure browsers as per documentation.</msg>
<msg time="2025-11-26T12:13:13.900223" level="WARN">desired_capabilities has been deprecated and removed. Please use options to configure browsers as per documentation.</msg>
</errors>
</robot>
