<?xml version="1.0" encoding="UTF-8"?>
<robot generator="Robot 7.3.2 (Python 3.9.13 on win32)" generated="2025-11-25T17:30:33.352354" rpa="false" schemaversion="5">
<suite id="s1" name="Test-Assignment2-Main" source="C:\Users\Yas\Desktop\test-assignment2-main">
<suite id="s1-s1" name="Tests" source="C:\Users\Yas\Desktop\test-assignment2-main\tests">
<suite id="s1-s1-s1" name="01Signup Test" source="C:\Users\Yas\Desktop\test-assignment2-main\tests\01signup_test.robot">
<test id="s1-s1-s1-t1" name="Sign Up New User" line="8">
<kw name="Generate Random String" owner="String">
<msg time="2025-11-25T17:30:33.480932" level="INFO">${UNIQUE} = zzzhkm</msg>
<var>${UNIQUE}</var>
<arg>6</arg>
<arg>[LOWER]</arg>
<doc>Generates a string with a desired ``length`` from the given ``chars``.</doc>
<status status="PASS" start="2025-11-25T17:30:33.480932" elapsed="0.000000"/>
</kw>
<kw name="Set Variable" owner="BuiltIn">
<msg time="2025-11-25T17:30:33.481957" level="INFO">${USERNAME} = user_zzzhkm</msg>
<var>${USERNAME}</var>
<arg>user_${UNIQUE}</arg>
<doc>Returns the given values which can then be assigned to a variables.</doc>
<status status="PASS" start="2025-11-25T17:30:33.480932" elapsed="0.001025"/>
</kw>
<kw name="Set Global Variable" owner="BuiltIn">
<msg time="2025-11-25T17:30:33.481957" level="INFO">${USERNAME} = user_zzzhkm</msg>
<arg>${USERNAME}</arg>
<doc>Makes a variable available globally in all tests and suites.</doc>
<status status="PASS" start="2025-11-25T17:30:33.481957" elapsed="0.000000"/>
</kw>
<kw name="Set Global Variable" owner="BuiltIn">
<msg time="2025-11-25T17:30:33.481957" level="INFO">${PASSWORD} = 123456</msg>
<arg>${PASSWORD}</arg>
<doc>Makes a variable available globally in all tests and suites.</doc>
<status status="PASS" start="2025-11-25T17:30:33.481957" elapsed="0.000000"/>
</kw>
<kw name="Open BrowserStack Browser" owner="browserstack_keywords">
<kw name="Create Dictionary" owner="BuiltIn">
<msg time="2025-11-25T17:30:33.482922" level="INFO">${caps} = {}</msg>
<var>${caps}</var>
<doc>Creates and returns a dictionary based on the given ``items``.</doc>
<status status="PASS" start="2025-11-25T17:30:33.482922" elapsed="0.000000"/>
</kw>
<kw name="Set To Dictionary" owner="Collections">
<arg>${caps}</arg>
<arg>browser=${BROWSER}</arg>
<doc>Adds the given ``key_value_pairs`` and/or ``items`` to the ``dictionary``.</doc>
<status status="PASS" start="2025-11-25T17:30:33.482922" elapsed="0.000000"/>
</kw>
<kw name="Set To Dictionary" owner="Collections">
<arg>${caps}</arg>
<arg>name=${NAME}</arg>
<doc>Adds the given ``key_value_pairs`` and/or ``items`` to the ``dictionary``.</doc>
<status status="PASS" start="2025-11-25T17:30:33.482922" elapsed="0.001002"/>
</kw>
<kw name="Set To Dictionary" owner="Collections">
<arg>${caps}</arg>
<arg>build=Robot-Demoblaze</arg>
<doc>Adds the given ``key_value_pairs`` and/or ``items`` to the ``dictionary``.</doc>
<status status="PASS" start="2025-11-25T17:30:33.483924" elapsed="0.000000"/>
</kw>
<kw name="Set To Dictionary" owner="Collections">
<arg>${caps}</arg>
<arg>browserstack.idleTimeout=180</arg>
<doc>Adds the given ``key_value_pairs`` and/or ``items`` to the ``dictionary``.</doc>
<status status="PASS" start="2025-11-25T17:30:33.483924" elapsed="0.000000"/>
</kw>
<kw name="Run Keyword If" owner="BuiltIn">
<kw name="Set Safari Caps" owner="browserstack_keywords">
<kw name="Set To Dictionary" owner="Collections">
<arg>${caps}</arg>
<arg>os=OS X</arg>
<doc>Adds the given ``key_value_pairs`` and/or ``items`` to the ``dictionary``.</doc>
<status status="PASS" start="2025-11-25T17:30:33.483924" elapsed="0.000000"/>
</kw>
<kw name="Set To Dictionary" owner="Collections">
<arg>${caps}</arg>
<arg>os_version=Monterey</arg>
<doc>Adds the given ``key_value_pairs`` and/or ``items`` to the ``dictionary``.</doc>
<status status="PASS" start="2025-11-25T17:30:33.484922" elapsed="0.000000"/>
</kw>
<kw name="Set To Dictionary" owner="Collections">
<arg>${caps}</arg>
<arg>browser=safari</arg>
<doc>Adds the given ``key_value_pairs`` and/or ``items`` to the ``dictionary``.</doc>
<status status="PASS" start="2025-11-25T17:30:33.484922" elapsed="0.000000"/>
</kw>
<kw name="Set To Dictionary" owner="Collections">
<arg>${caps}</arg>
<arg>browserVersion=latest</arg>
<doc>Adds the given ``key_value_pairs`` and/or ``items`` to the ``dictionary``.</doc>
<status status="PASS" start="2025-11-25T17:30:33.484922" elapsed="0.000000"/>
</kw>
<return>
<value>${caps}</value>
<status status="PASS" start="2025-11-25T17:30:33.484922" elapsed="0.000000"/>
</return>
<arg>${caps}</arg>
<status status="PASS" start="2025-11-25T17:30:33.483924" elapsed="0.000998"/>
</kw>
<arg>'${BROWSER}'=='chrome'</arg>
<arg>Set Chrome Caps</arg>
<arg>${caps}</arg>
<arg>ELSE IF</arg>
<arg>'${BROWSER}'=='firefox'</arg>
<arg>Set Firefox Caps</arg>
<arg>${caps}</arg>
<arg>ELSE IF</arg>
<arg>'${BROWSER}'=='safari'</arg>
<arg>Set Safari Caps</arg>
<arg>${caps}</arg>
<doc>Runs the given keyword with the given arguments, if ``condition`` is true.</doc>
<status status="PASS" start="2025-11-25T17:30:33.483924" elapsed="0.000998"/>
</kw>
<kw name="Open Browser" owner="SeleniumLibrary">
<msg time="2025-11-25T17:30:33.484922" level="WARN">desired_capabilities has been deprecated and removed. Please use options to configure browsers as per documentation.</msg>
<msg time="2025-11-25T17:30:33.485922" level="INFO">Opening browser 'firefox' to base url 'about:blank' through remote server at 'https://yasfirbekrozmeto_BiXeH4:sAWUwxqKMmno8zgsSaj3@hub-cloud.browserstack.com/wd/hub'.</msg>
<msg time="2025-11-25T17:30:44.208098" level="INFO">C:\Users\Yas\AppData\Local\Programs\Python\Python39\lib\site-packages\selenium\webdriver\remote\remote_connection.py:419: UserWarning: Embedding username and password in URL could be insecure, use ClientConfig instead
  headers = self.get_remote_connection_headers(parsed_url, self._client_config.keep_alive)</msg>
<arg>about:blank</arg>
<arg>remote_url=${HUB}</arg>
<arg>desired_capabilities=${caps}</arg>
<doc>Opens a new browser instance to the optional ``url``.</doc>
<status status="PASS" start="2025-11-25T17:30:33.484922" elapsed="10.723176"/>
</kw>
<kw name="Maximize Browser Window" owner="SeleniumLibrary">
<doc>Maximizes current browser window.</doc>
<status status="PASS" start="2025-11-25T17:30:44.209113" elapsed="0.399863"/>
</kw>
<arg>${BROWSER}</arg>
<arg>${TEST_NAME}</arg>
<status status="PASS" start="2025-11-25T17:30:33.482922" elapsed="11.126054"/>
</kw>
<kw name="Go To" owner="SeleniumLibrary">
<msg time="2025-11-25T17:30:44.609946" level="INFO">Opening url 'https://www.demoblaze.com/'</msg>
<arg>${URL}</arg>
<doc>Navigates the current browser window to the provided ``url``.</doc>
<status status="PASS" start="2025-11-25T17:30:44.609946" elapsed="0.767403"/>
</kw>
<kw name="Maximize Browser Window" owner="SeleniumLibrary">
<doc>Maximizes current browser window.</doc>
<status status="PASS" start="2025-11-25T17:30:45.378113" elapsed="0.176430"/>
</kw>
<kw name="Click Element" owner="SeleniumLibrary">
<msg time="2025-11-25T17:30:45.555543" level="INFO">Clicking element '//*[@id="signin2"]'.</msg>
<arg>//*[@id="signin2"]</arg>
<doc>Click the element identified by ``locator``.</doc>
<status status="PASS" start="2025-11-25T17:30:45.555543" elapsed="0.406470"/>
</kw>
<kw name="Wait Until Element Is Visible" owner="SeleniumLibrary">
<arg>id=sign-username</arg>
<doc>Waits until the element ``locator`` is visible.</doc>
<status status="PASS" start="2025-11-25T17:30:45.962983" elapsed="0.576196"/>
</kw>
<kw name="Input Text" owner="SeleniumLibrary">
<msg time="2025-11-25T17:30:46.540179" level="INFO">Typing text 'user_zzzhkm' into text field 'id=sign-username'.</msg>
<arg>id=sign-username</arg>
<arg>${USERNAME}</arg>
<doc>Types the given ``text`` into the text field identified by ``locator``.</doc>
<status status="PASS" start="2025-11-25T17:30:46.540179" elapsed="0.693964"/>
</kw>
<kw name="Input Text" owner="SeleniumLibrary">
<msg time="2025-11-25T17:30:47.235145" level="INFO">Typing text '123456' into text field 'id=sign-password'.</msg>
<arg>id=sign-password</arg>
<arg>${PASSWORD}</arg>
<doc>Types the given ``text`` into the text field identified by ``locator``.</doc>
<status status="PASS" start="2025-11-25T17:30:47.234143" elapsed="0.355876"/>
</kw>
<kw name="Click Button" owner="SeleniumLibrary">
<msg time="2025-11-25T17:30:47.590967" level="INFO">Clicking button '//button[text()="Sign up"]'.</msg>
<arg>//button[text()="Sign up"]</arg>
<doc>Clicks the button identified by ``locator``.</doc>
<status status="PASS" start="2025-11-25T17:30:47.590967" elapsed="0.658741"/>
</kw>
<kw name="Sleep" owner="BuiltIn">
<msg time="2025-11-25T17:30:50.255636" level="INFO">Slept 2 seconds.</msg>
<arg>2s</arg>
<doc>Pauses the test executed for the given time.</doc>
<status status="PASS" start="2025-11-25T17:30:48.250672" elapsed="2.004964"/>
</kw>
<kw name="Handle Alert" owner="SeleniumLibrary">
<msg time="2025-11-25T17:30:50.256615" level="INFO">HANDLE::&lt;class 'NoneType'&gt;::None</msg>
<arg>accept</arg>
<doc>Handles the current alert and returns its message.</doc>
<status status="PASS" start="2025-11-25T17:30:50.256615" elapsed="0.334997"/>
</kw>
<kw name="Close Browser" owner="SeleniumLibrary">
<doc>Closes the current browser.</doc>
<status status="PASS" start="2025-11-25T17:30:50.592616" elapsed="1.342232"/>
</kw>
<status status="PASS" start="2025-11-25T17:30:33.479923" elapsed="18.455367"/>
</test>
<status status="PASS" start="2025-11-25T17:30:33.367393" elapsed="18.568847"/>
</suite>
<suite id="s1-s1-s2" name="02Login Test" source="C:\Users\Yas\Desktop\test-assignment2-main\tests\02login_test.robot">
<test id="s1-s1-s2-t1" name="Login To DemoBlaze" line="7">
<kw name="Open BrowserStack Browser" owner="browserstack_keywords">
<kw name="Create Dictionary" owner="BuiltIn">
<msg time="2025-11-25T17:30:51.945251" level="INFO">${caps} = {}</msg>
<var>${caps}</var>
<doc>Creates and returns a dictionary based on the given ``items``.</doc>
<status status="PASS" start="2025-11-25T17:30:51.945251" elapsed="0.000000"/>
</kw>
<kw name="Set To Dictionary" owner="Collections">
<arg>${caps}</arg>
<arg>browser=${BROWSER}</arg>
<doc>Adds the given ``key_value_pairs`` and/or ``items`` to the ``dictionary``.</doc>
<status status="PASS" start="2025-11-25T17:30:51.945251" elapsed="0.000000"/>
</kw>
<kw name="Set To Dictionary" owner="Collections">
<arg>${caps}</arg>
<arg>name=${NAME}</arg>
<doc>Adds the given ``key_value_pairs`` and/or ``items`` to the ``dictionary``.</doc>
<status status="PASS" start="2025-11-25T17:30:51.945251" elapsed="0.000000"/>
</kw>
<kw name="Set To Dictionary" owner="Collections">
<arg>${caps}</arg>
<arg>build=Robot-Demoblaze</arg>
<doc>Adds the given ``key_value_pairs`` and/or ``items`` to the ``dictionary``.</doc>
<status status="PASS" start="2025-11-25T17:30:51.946246" elapsed="0.000000"/>
</kw>
<kw name="Set To Dictionary" owner="Collections">
<arg>${caps}</arg>
<arg>browserstack.idleTimeout=180</arg>
<doc>Adds the given ``key_value_pairs`` and/or ``items`` to the ``dictionary``.</doc>
<status status="PASS" start="2025-11-25T17:30:51.946246" elapsed="0.000000"/>
</kw>
<kw name="Run Keyword If" owner="BuiltIn">
<kw name="Set Safari Caps" owner="browserstack_keywords">
<kw name="Set To Dictionary" owner="Collections">
<arg>${caps}</arg>
<arg>os=OS X</arg>
<doc>Adds the given ``key_value_pairs`` and/or ``items`` to the ``dictionary``.</doc>
<status status="PASS" start="2025-11-25T17:30:51.947245" elapsed="0.000000"/>
</kw>
<kw name="Set To Dictionary" owner="Collections">
<arg>${caps}</arg>
<arg>os_version=Monterey</arg>
<doc>Adds the given ``key_value_pairs`` and/or ``items`` to the ``dictionary``.</doc>
<status status="PASS" start="2025-11-25T17:30:51.947245" elapsed="0.000000"/>
</kw>
<kw name="Set To Dictionary" owner="Collections">
<arg>${caps}</arg>
<arg>browser=safari</arg>
<doc>Adds the given ``key_value_pairs`` and/or ``items`` to the ``dictionary``.</doc>
<status status="PASS" start="2025-11-25T17:30:51.947245" elapsed="0.001000"/>
</kw>
<kw name="Set To Dictionary" owner="Collections">
<arg>${caps}</arg>
<arg>browserVersion=latest</arg>
<doc>Adds the given ``key_value_pairs`` and/or ``items`` to the ``dictionary``.</doc>
<status status="PASS" start="2025-11-25T17:30:51.948245" elapsed="0.000000"/>
</kw>
<return>
<value>${caps}</value>
<status status="PASS" start="2025-11-25T17:30:51.948245" elapsed="0.000000"/>
</return>
<arg>${caps}</arg>
<status status="PASS" start="2025-11-25T17:30:51.947245" elapsed="0.001000"/>
</kw>
<arg>'${BROWSER}'=='chrome'</arg>
<arg>Set Chrome Caps</arg>
<arg>${caps}</arg>
<arg>ELSE IF</arg>
<arg>'${BROWSER}'=='firefox'</arg>
<arg>Set Firefox Caps</arg>
<arg>${caps}</arg>
<arg>ELSE IF</arg>
<arg>'${BROWSER}'=='safari'</arg>
<arg>Set Safari Caps</arg>
<arg>${caps}</arg>
<doc>Runs the given keyword with the given arguments, if ``condition`` is true.</doc>
<status status="PASS" start="2025-11-25T17:30:51.946246" elapsed="0.001999"/>
</kw>
<kw name="Open Browser" owner="SeleniumLibrary">
<msg time="2025-11-25T17:30:51.949245" level="WARN">desired_capabilities has been deprecated and removed. Please use options to configure browsers as per documentation.</msg>
<msg time="2025-11-25T17:30:51.949245" level="INFO">Opening browser 'firefox' to base url 'about:blank' through remote server at 'https://yasfirbekrozmeto_BiXeH4:sAWUwxqKMmno8zgsSaj3@hub-cloud.browserstack.com/wd/hub'.</msg>
<arg>about:blank</arg>
<arg>remote_url=${HUB}</arg>
<arg>desired_capabilities=${caps}</arg>
<doc>Opens a new browser instance to the optional ``url``.</doc>
<status status="PASS" start="2025-11-25T17:30:51.948245" elapsed="9.056118"/>
</kw>
<kw name="Maximize Browser Window" owner="SeleniumLibrary">
<doc>Maximizes current browser window.</doc>
<status status="PASS" start="2025-11-25T17:31:01.004363" elapsed="0.416823"/>
</kw>
<arg>${BROWSER}</arg>
<arg>${TEST_NAME}</arg>
<status status="PASS" start="2025-11-25T17:30:51.944247" elapsed="9.477973"/>
</kw>
<kw name="Go To" owner="SeleniumLibrary">
<msg time="2025-11-25T17:31:01.422220" level="INFO">Opening url 'https://www.demoblaze.com/'</msg>
<arg>${URL}</arg>
<doc>Navigates the current browser window to the provided ``url``.</doc>
<status status="PASS" start="2025-11-25T17:31:01.422220" elapsed="0.856100"/>
</kw>
<kw name="Maximize Browser Window" owner="SeleniumLibrary">
<doc>Maximizes current browser window.</doc>
<status status="PASS" start="2025-11-25T17:31:02.278320" elapsed="0.184846"/>
</kw>
<kw name="Click Element" owner="SeleniumLibrary">
<msg time="2025-11-25T17:31:02.463515" level="INFO">Clicking element 'id=login2'.</msg>
<arg>id=login2</arg>
<doc>Click the element identified by ``locator``.</doc>
<status status="PASS" start="2025-11-25T17:31:02.463515" elapsed="0.397019"/>
</kw>
<kw name="Wait Until Element Is Visible" owner="SeleniumLibrary">
<arg>id=loginusername</arg>
<arg>10s</arg>
<doc>Waits until the element ``locator`` is visible.</doc>
<status status="PASS" start="2025-11-25T17:31:02.861540" elapsed="0.441937"/>
</kw>
<kw name="Clear Element Text" owner="SeleniumLibrary">
<arg>id=loginusername</arg>
<doc>Clears the value of the text-input-element identified by ``locator``.</doc>
<status status="PASS" start="2025-11-25T17:31:03.304480" elapsed="0.278248"/>
</kw>
<kw name="Clear Element Text" owner="SeleniumLibrary">
<arg>id=loginpassword</arg>
<doc>Clears the value of the text-input-element identified by ``locator``.</doc>
<status status="PASS" start="2025-11-25T17:31:03.582728" elapsed="0.549794"/>
</kw>
<kw name="Input Text" owner="SeleniumLibrary">
<msg time="2025-11-25T17:31:04.132522" level="INFO">Typing text 'user_zzzhkm' into text field 'id=loginusername'.</msg>
<arg>id=loginusername</arg>
<arg>${USERNAME}</arg>
<doc>Types the given ``text`` into the text field identified by ``locator``.</doc>
<status status="PASS" start="2025-11-25T17:31:04.132522" elapsed="0.710056"/>
</kw>
<kw name="Input Text" owner="SeleniumLibrary">
<msg time="2025-11-25T17:31:04.844412" level="INFO">Typing text '123456' into text field 'id=loginpassword'.</msg>
<arg>id=loginpassword</arg>
<arg>${PASSWORD}</arg>
<doc>Types the given ``text`` into the text field identified by ``locator``.</doc>
<status status="PASS" start="2025-11-25T17:31:04.843427" elapsed="0.408006"/>
</kw>
<kw name="Sleep" owner="BuiltIn">
<msg time="2025-11-25T17:31:06.265234" level="INFO">Slept 1 second.</msg>
<arg>1s</arg>
<doc>Pauses the test executed for the given time.</doc>
<status status="PASS" start="2025-11-25T17:31:05.252433" elapsed="1.012801"/>
</kw>
<kw name="Click Button" owner="SeleniumLibrary">
<msg time="2025-11-25T17:31:06.266093" level="INFO">Clicking button '//button[text()="Log in"]'.</msg>
<arg>//button[text()="Log in"]</arg>
<doc>Clicks the button identified by ``locator``.</doc>
<status status="PASS" start="2025-11-25T17:31:06.265234" elapsed="0.693382"/>
</kw>
<kw name="Wait Until Element Does Not Contain" owner="SeleniumLibrary">
<arg>//*[@id="logInModalLabel"]</arg>
<arg>Log in</arg>
<arg>10s</arg>
<doc>Waits until the element ``locator`` does not contain ``text``.</doc>
<status status="PASS" start="2025-11-25T17:31:06.959306" elapsed="0.730973"/>
</kw>
<kw name="Wait Until Page Contains" owner="SeleniumLibrary">
<arg>Welcome ${USERNAME}</arg>
<arg>10s</arg>
<doc>Waits until ``text`` appears on the current page.</doc>
<status status="PASS" start="2025-11-25T17:31:07.691278" elapsed="0.125532"/>
</kw>
<status status="PASS" start="2025-11-25T17:30:51.943249" elapsed="15.873561"/>
</test>
<status status="PASS" start="2025-11-25T17:30:51.937247" elapsed="15.880564"/>
</suite>
<suite id="s1-s1-s3" name="03Buy Product Test" source="C:\Users\Yas\Desktop\test-assignment2-main\tests\03buy_product_test.robot">
<test id="s1-s1-s3-t1" name="Buy Product Successfully" line="7">
<kw name="Open BrowserStack Browser" owner="browserstack_keywords">
<kw name="Create Dictionary" owner="BuiltIn">
<msg time="2025-11-25T17:31:07.826812" level="INFO">${caps} = {}</msg>
<var>${caps}</var>
<doc>Creates and returns a dictionary based on the given ``items``.</doc>
<status status="PASS" start="2025-11-25T17:31:07.826812" elapsed="0.000000"/>
</kw>
<kw name="Set To Dictionary" owner="Collections">
<arg>${caps}</arg>
<arg>browser=${BROWSER}</arg>
<doc>Adds the given ``key_value_pairs`` and/or ``items`` to the ``dictionary``.</doc>
<status status="PASS" start="2025-11-25T17:31:07.826812" elapsed="0.001001"/>
</kw>
<kw name="Set To Dictionary" owner="Collections">
<arg>${caps}</arg>
<arg>name=${NAME}</arg>
<doc>Adds the given ``key_value_pairs`` and/or ``items`` to the ``dictionary``.</doc>
<status status="PASS" start="2025-11-25T17:31:07.827813" elapsed="0.000000"/>
</kw>
<kw name="Set To Dictionary" owner="Collections">
<arg>${caps}</arg>
<arg>build=Robot-Demoblaze</arg>
<doc>Adds the given ``key_value_pairs`` and/or ``items`` to the ``dictionary``.</doc>
<status status="PASS" start="2025-11-25T17:31:07.827813" elapsed="0.000000"/>
</kw>
<kw name="Set To Dictionary" owner="Collections">
<arg>${caps}</arg>
<arg>browserstack.idleTimeout=180</arg>
<doc>Adds the given ``key_value_pairs`` and/or ``items`` to the ``dictionary``.</doc>
<status status="PASS" start="2025-11-25T17:31:07.827813" elapsed="0.000997"/>
</kw>
<kw name="Run Keyword If" owner="BuiltIn">
<kw name="Set Safari Caps" owner="browserstack_keywords">
<kw name="Set To Dictionary" owner="Collections">
<arg>${caps}</arg>
<arg>os=OS X</arg>
<doc>Adds the given ``key_value_pairs`` and/or ``items`` to the ``dictionary``.</doc>
<status status="PASS" start="2025-11-25T17:31:07.828810" elapsed="0.001001"/>
</kw>
<kw name="Set To Dictionary" owner="Collections">
<arg>${caps}</arg>
<arg>os_version=Monterey</arg>
<doc>Adds the given ``key_value_pairs`` and/or ``items`` to the ``dictionary``.</doc>
<status status="PASS" start="2025-11-25T17:31:07.829811" elapsed="0.000000"/>
</kw>
<kw name="Set To Dictionary" owner="Collections">
<arg>${caps}</arg>
<arg>browser=safari</arg>
<doc>Adds the given ``key_value_pairs`` and/or ``items`` to the ``dictionary``.</doc>
<status status="PASS" start="2025-11-25T17:31:07.829811" elapsed="0.000000"/>
</kw>
<kw name="Set To Dictionary" owner="Collections">
<arg>${caps}</arg>
<arg>browserVersion=latest</arg>
<doc>Adds the given ``key_value_pairs`` and/or ``items`` to the ``dictionary``.</doc>
<status status="PASS" start="2025-11-25T17:31:07.829811" elapsed="0.000000"/>
</kw>
<return>
<value>${caps}</value>
<status status="PASS" start="2025-11-25T17:31:07.830810" elapsed="0.000000"/>
</return>
<arg>${caps}</arg>
<status status="PASS" start="2025-11-25T17:31:07.828810" elapsed="0.002000"/>
</kw>
<arg>'${BROWSER}'=='chrome'</arg>
<arg>Set Chrome Caps</arg>
<arg>${caps}</arg>
<arg>ELSE IF</arg>
<arg>'${BROWSER}'=='firefox'</arg>
<arg>Set Firefox Caps</arg>
<arg>${caps}</arg>
<arg>ELSE IF</arg>
<arg>'${BROWSER}'=='safari'</arg>
<arg>Set Safari Caps</arg>
<arg>${caps}</arg>
<doc>Runs the given keyword with the given arguments, if ``condition`` is true.</doc>
<status status="PASS" start="2025-11-25T17:31:07.828810" elapsed="0.002000"/>
</kw>
<kw name="Open Browser" owner="SeleniumLibrary">
<msg time="2025-11-25T17:31:07.830810" level="WARN">desired_capabilities has been deprecated and removed. Please use options to configure browsers as per documentation.</msg>
<msg time="2025-11-25T17:31:07.831812" level="INFO">Opening browser 'firefox' to base url 'about:blank' through remote server at 'https://yasfirbekrozmeto_BiXeH4:sAWUwxqKMmno8zgsSaj3@hub-cloud.browserstack.com/wd/hub'.</msg>
<arg>about:blank</arg>
<arg>remote_url=${HUB}</arg>
<arg>desired_capabilities=${caps}</arg>
<doc>Opens a new browser instance to the optional ``url``.</doc>
<status status="PASS" start="2025-11-25T17:31:07.830810" elapsed="12.575772"/>
</kw>
<kw name="Maximize Browser Window" owner="SeleniumLibrary">
<doc>Maximizes current browser window.</doc>
<status status="PASS" start="2025-11-25T17:31:20.406582" elapsed="0.413571"/>
</kw>
<arg>${BROWSER}</arg>
<arg>${TEST_NAME}</arg>
<status status="PASS" start="2025-11-25T17:31:07.825813" elapsed="12.995356"/>
</kw>
<kw name="Go To" owner="SeleniumLibrary">
<msg time="2025-11-25T17:31:20.821169" level="INFO">Opening url 'https://www.demoblaze.com/'</msg>
<arg>${URL}</arg>
<doc>Navigates the current browser window to the provided ``url``.</doc>
<status status="PASS" start="2025-11-25T17:31:20.821169" elapsed="0.853218"/>
</kw>
<kw name="Maximize Browser Window" owner="SeleniumLibrary">
<doc>Maximizes current browser window.</doc>
<status status="PASS" start="2025-11-25T17:31:21.674387" elapsed="0.219053"/>
</kw>
<kw name="Click Element" owner="SeleniumLibrary">
<msg time="2025-11-25T17:31:21.893440" level="INFO">Clicking element '//*[@id="login2"]'.</msg>
<arg>//*[@id="login2"]</arg>
<doc>Click the element identified by ``locator``.</doc>
<status status="PASS" start="2025-11-25T17:31:21.893440" elapsed="0.511621"/>
</kw>
<kw name="Wait Until Element Is Visible" owner="SeleniumLibrary">
<arg>id=loginusername</arg>
<doc>Waits until the element ``locator`` is visible.</doc>
<status status="PASS" start="2025-11-25T17:31:22.405061" elapsed="0.294270"/>
</kw>
<kw name="Input Text" owner="SeleniumLibrary">
<msg time="2025-11-25T17:31:22.700327" level="INFO">Typing text 'user_zzzhkm' into text field 'id=loginusername'.</msg>
<arg>id=loginusername</arg>
<arg>${USERNAME}</arg>
<doc>Types the given ``text`` into the text field identified by ``locator``.</doc>
<status status="PASS" start="2025-11-25T17:31:22.700327" elapsed="0.461845"/>
</kw>
<kw name="Input Text" owner="SeleniumLibrary">
<msg time="2025-11-25T17:31:23.163173" level="INFO">Typing text '123456' into text field 'id=loginpassword'.</msg>
<arg>id=loginpassword</arg>
<arg>${PASSWORD}</arg>
<doc>Types the given ``text`` into the text field identified by ``locator``.</doc>
<status status="PASS" start="2025-11-25T17:31:23.162172" elapsed="0.398451"/>
</kw>
<kw name="Click Button" owner="SeleniumLibrary">
<msg time="2025-11-25T17:31:23.561606" level="INFO">Clicking button '//button[text()="Log in"]'.</msg>
<arg>//button[text()="Log in"]</arg>
<doc>Clicks the button identified by ``locator``.</doc>
<status status="PASS" start="2025-11-25T17:31:23.560623" elapsed="1.312660"/>
</kw>
<kw name="Wait Until Page Contains" owner="SeleniumLibrary">
<arg>Welcome ${USERNAME}</arg>
<doc>Waits until ``text`` appears on the current page.</doc>
<status status="PASS" start="2025-11-25T17:31:24.873283" elapsed="1.762668"/>
</kw>
<kw name="Click Element" owner="SeleniumLibrary">
<msg time="2025-11-25T17:31:26.636974" level="INFO">Clicking element '//a[text()="Samsung galaxy s6"]'.</msg>
<arg>//a[text()="Samsung galaxy s6"]</arg>
<doc>Click the element identified by ``locator``.</doc>
<status status="PASS" start="2025-11-25T17:31:26.636974" elapsed="0.774738"/>
</kw>
<kw name="Wait Until Page Contains Element" owner="SeleniumLibrary">
<arg>//a[text()="Add to cart"]</arg>
<doc>Waits until the element ``locator`` appears on the current page.</doc>
<status status="PASS" start="2025-11-25T17:31:27.412714" elapsed="0.794154"/>
</kw>
<kw name="Click Element" owner="SeleniumLibrary">
<msg time="2025-11-25T17:31:28.207869" level="INFO">Clicking element '//a[text()="Add to cart"]'.</msg>
<arg>//a[text()="Add to cart"]</arg>
<doc>Click the element identified by ``locator``.</doc>
<status status="PASS" start="2025-11-25T17:31:28.207869" elapsed="0.824027"/>
</kw>
<kw name="Sleep" owner="BuiltIn">
<arg>1s</arg>
<doc>Pauses the test executed for the given time.</doc>
<status status="FAIL" start="2025-11-25T17:31:29.179900" elapsed="0.218208">Execution terminated by signal</status>
</kw>
<kw name="Handle Alert" owner="SeleniumLibrary">
<arg>accept</arg>
<doc>Handles the current alert and returns its message.</doc>
<status status="NOT RUN" start="2025-11-25T17:31:29.399114" elapsed="0.000000"/>
</kw>
<kw name="Click Element" owner="SeleniumLibrary">
<arg>//a[contains(text(),'Cart')]</arg>
<doc>Click the element identified by ``locator``.</doc>
<status status="NOT RUN" start="2025-11-25T17:31:29.399114" elapsed="0.000000"/>
</kw>
<kw name="Wait Until Page Contains Element" owner="SeleniumLibrary">
<arg>//button[text()="Place Order"]</arg>
<arg>10s</arg>
<doc>Waits until the element ``locator`` appears on the current page.</doc>
<status status="NOT RUN" start="2025-11-25T17:31:29.399114" elapsed="0.000000"/>
</kw>
<kw name="Click Element" owner="SeleniumLibrary">
<arg>//button[text()="Place Order"]</arg>
<doc>Click the element identified by ``locator``.</doc>
<status status="NOT RUN" start="2025-11-25T17:31:29.399114" elapsed="0.000000"/>
</kw>
<kw name="Wait Until Element Is Visible" owner="SeleniumLibrary">
<arg>id=name</arg>
<arg>10s</arg>
<doc>Waits until the element ``locator`` is visible.</doc>
<status status="NOT RUN" start="2025-11-25T17:31:29.399114" elapsed="0.000000"/>
</kw>
<kw name="Wait Until Element Is Enabled" owner="SeleniumLibrary">
<arg>id=name</arg>
<arg>10s</arg>
<doc>Waits until the element ``locator`` is enabled.</doc>
<status status="NOT RUN" start="2025-11-25T17:31:29.399114" elapsed="0.000000"/>
</kw>
<kw name="Input Text" owner="SeleniumLibrary">
<arg>id=name</arg>
<arg>${USERNAME}</arg>
<doc>Types the given ``text`` into the text field identified by ``locator``.</doc>
<status status="NOT RUN" start="2025-11-25T17:31:29.400113" elapsed="0.000000"/>
</kw>
<kw name="Input Text" owner="SeleniumLibrary">
<arg>id=country</arg>
<arg>Kazakhstan</arg>
<doc>Types the given ``text`` into the text field identified by ``locator``.</doc>
<status status="NOT RUN" start="2025-11-25T17:31:29.400113" elapsed="0.000000"/>
</kw>
<kw name="Input Text" owner="SeleniumLibrary">
<arg>id=city</arg>
<arg>Shymkent</arg>
<doc>Types the given ``text`` into the text field identified by ``locator``.</doc>
<status status="NOT RUN" start="2025-11-25T17:31:29.400113" elapsed="0.000000"/>
</kw>
<kw name="Input Text" owner="SeleniumLibrary">
<arg>id=card</arg>
<arg>4111111111111111</arg>
<doc>Types the given ``text`` into the text field identified by ``locator``.</doc>
<status status="NOT RUN" start="2025-11-25T17:31:29.400113" elapsed="0.000000"/>
</kw>
<kw name="Input Text" owner="SeleniumLibrary">
<arg>id=month</arg>
<arg>10</arg>
<doc>Types the given ``text`` into the text field identified by ``locator``.</doc>
<status status="NOT RUN" start="2025-11-25T17:31:29.400113" elapsed="0.000000"/>
</kw>
<kw name="Input Text" owner="SeleniumLibrary">
<arg>id=year</arg>
<arg>2025</arg>
<doc>Types the given ``text`` into the text field identified by ``locator``.</doc>
<status status="NOT RUN" start="2025-11-25T17:31:29.400113" elapsed="0.000000"/>
</kw>
<kw name="Click Button" owner="SeleniumLibrary">
<arg>//button[text()="Purchase"]</arg>
<doc>Clicks the button identified by ``locator``.</doc>
<status status="NOT RUN" start="2025-11-25T17:31:29.401131" elapsed="0.000000"/>
</kw>
<kw name="Wait Until Page Contains" owner="SeleniumLibrary">
<arg>Thank you for your purchase!</arg>
<arg>10s</arg>
<doc>Waits until ``text`` appears on the current page.</doc>
<status status="NOT RUN" start="2025-11-25T17:31:29.401131" elapsed="0.000000"/>
</kw>
<status status="FAIL" start="2025-11-25T17:31:07.825813" elapsed="21.575318">Execution terminated by signal</status>
</test>
<status status="FAIL" start="2025-11-25T17:31:07.818813" elapsed="21.583300"/>
</suite>
<suite id="s1-s1-s4" name="04Logout Test" source="C:\Users\Yas\Desktop\test-assignment2-main\tests\04logout_test.robot">
<test id="s1-s1-s4-t1" name="Logout From DemoBlaze" line="7">
<tag>robot:exit</tag>
<status status="FAIL" start="2025-11-25T17:31:29.403117" elapsed="0.000000">Test execution stopped due to a fatal error.</status>
</test>
<status status="FAIL" start="2025-11-25T17:31:29.402113" elapsed="0.002000"/>
</suite>
<status status="FAIL" start="2025-11-25T17:30:33.366479" elapsed="56.037634"/>
</suite>
<status status="FAIL" start="2025-11-25T17:30:33.353370" elapsed="56.051742"/>
</suite>
<statistics>
<total>
<stat pass="2" fail="2" skip="0">All Tests</stat>
</total>
<tag>
<stat info="combined" combined="NOT robot:exit" pass="2" fail="1" skip="0">NOT robot:exit</stat>
</tag>
<suite>
<stat name="Test-Assignment2-Main" id="s1" pass="2" fail="2" skip="0">Test-Assignment2-Main</stat>
<stat name="Tests" id="s1-s1" pass="2" fail="2" skip="0">Test-Assignment2-Main.Tests</stat>
<stat name="01Signup Test" id="s1-s1-s1" pass="1" fail="0" skip="0">Test-Assignment2-Main.Tests.01Signup Test</stat>
<stat name="02Login Test" id="s1-s1-s2" pass="1" fail="0" skip="0">Test-Assignment2-Main.Tests.02Login Test</stat>
<stat name="03Buy Product Test" id="s1-s1-s3" pass="0" fail="1" skip="0">Test-Assignment2-Main.Tests.03Buy Product Test</stat>
<stat name="04Logout Test" id="s1-s1-s4" pass="0" fail="1" skip="0">Test-Assignment2-Main.Tests.04Logout Test</stat>
</suite>
</statistics>
<errors>
<msg time="2025-11-25T17:30:33.484922" level="WARN">desired_capabilities has been deprecated and removed. Please use options to configure browsers as per documentation.</msg>
<msg time="2025-11-25T17:30:51.949245" level="WARN">desired_capabilities has been deprecated and removed. Please use options to configure browsers as per documentation.</msg>
<msg time="2025-11-25T17:31:07.830810" level="WARN">desired_capabilities has been deprecated and removed. Please use options to configure browsers as per documentation.</msg>
</errors>
</robot>
